<?xml version="1.0" encoding="UTF-8"?>
<!-- Generated by org.testng.reporters.JUnitXMLReporter -->
<testsuite hostname="DESKTOP-VRB09UN" ignored="0" name="LoginTest.java" tests="5" failures="0" timestamp="2022-11-10T21:38:27 EET" time="28.779" errors="0">
  <testcase name="VerifyLoginPanel" time="0.08" classname="testCases.LoginTest"/>
  <testcase name="invalidCredentials" time="1.028" classname="testCases.LoginTest"/>
  <testcase name="invalidCredentials" time="0.988" classname="testCases.LoginTest"/>
  <testcase name="invalidCredentials" time="0.302" classname="testCases.LoginTest"/>
  <testcase name="invalidCredentials" time="0.285" classname="testCases.LoginTest"/>
</testsuite> <!-- LoginTest.java -->
