<?xml version="1.0" encoding="UTF-8"?>
<testng-results skipped="0" failed="0" ignored="0" total="5" passed="5">
  <reporter-output>
  </reporter-output>
  <suite name="All Test Suite" duration-ms="28779" started-at="2022-11-10T21:37:58 EET" finished-at="2022-11-10T21:38:27 EET">
    <groups>
    </groups>
    <test name="LoginTest.java" duration-ms="28779" started-at="2022-11-10T21:37:58 EET" finished-at="2022-11-10T21:38:27 EET">
      <class name="testCases.LoginTest">
        <test-method status="PASS" signature="openBrowserAndLaunchApplication()[pri:0, instance:testCases.LoginTest@14bf9759]" name="openBrowserAndLaunchApplication" is-config="true" duration-ms="6544" started-at="2022-11-10T21:37:58 EET" finished-at="2022-11-10T21:38:05 EET">
          <reporter-output>
          </reporter-output>
        </test-method> <!-- openBrowserAndLaunchApplication -->
        <test-method status="PASS" signature="VerifyLoginPanel()[pri:0, instance:testCases.LoginTest@14bf9759]" name="VerifyLoginPanel" duration-ms="80" started-at="2022-11-10T21:38:05 EET" finished-at="2022-11-10T21:38:05 EET">
          <reporter-output>
          </reporter-output>
        </test-method> <!-- VerifyLoginPanel -->
        <test-method status="PASS" signature="closeBrowser()[pri:0, instance:testCases.LoginTest@14bf9759]" name="closeBrowser" is-config="true" duration-ms="669" started-at="2022-11-10T21:38:05 EET" finished-at="2022-11-10T21:38:05 EET">
          <reporter-output>
          </reporter-output>
        </test-method> <!-- closeBrowser -->
        <test-method status="PASS" signature="openBrowserAndLaunchApplication()[pri:0, instance:testCases.LoginTest@14bf9759]" name="openBrowserAndLaunchApplication" is-config="true" duration-ms="3872" started-at="2022-11-10T21:38:05 EET" finished-at="2022-11-10T21:38:09 EET">
          <reporter-output>
          </reporter-output>
        </test-method> <!-- openBrowserAndLaunchApplication -->
        <test-method status="PASS" signature="invalidCredentials(java.lang.String, java.lang.String, java.lang.String)[pri:0, instance:testCases.LoginTest@14bf9759]" name="invalidCredentials" duration-ms="1028" started-at="2022-11-10T21:38:09 EET" data-provider="Credentials" finished-at="2022-11-10T21:38:10 EET">
          <params>
            <param index="0">
              <value>
                <![CDATA[Admin]]>
              </value>
            </param>
            <param index="1">
              <value>
                <![CDATA[abc]]>
              </value>
            </param>
            <param index="2">
              <value>
                <![CDATA[Invalid credentials]]>
              </value>
            </param>
          </params>
          <reporter-output>
          </reporter-output>
        </test-method> <!-- invalidCredentials -->
        <test-method status="PASS" signature="closeBrowser()[pri:0, instance:testCases.LoginTest@14bf9759]" name="closeBrowser" is-config="true" duration-ms="629" started-at="2022-11-10T21:38:11 EET" finished-at="2022-11-10T21:38:11 EET">
          <reporter-output>
          </reporter-output>
        </test-method> <!-- closeBrowser -->
        <test-method status="PASS" signature="openBrowserAndLaunchApplication()[pri:0, instance:testCases.LoginTest@14bf9759]" name="openBrowserAndLaunchApplication" is-config="true" duration-ms="3814" started-at="2022-11-10T21:38:11 EET" finished-at="2022-11-10T21:38:15 EET">
          <reporter-output>
          </reporter-output>
        </test-method> <!-- openBrowserAndLaunchApplication -->
        <test-method status="PASS" signature="invalidCredentials(java.lang.String, java.lang.String, java.lang.String)[pri:0, instance:testCases.LoginTest@14bf9759]" name="invalidCredentials" duration-ms="988" started-at="2022-11-10T21:38:15 EET" data-provider="Credentials" finished-at="2022-11-10T21:38:16 EET">
          <params>
            <param index="0">
              <value>
                <![CDATA[Admin]]>
              </value>
            </param>
            <param index="1">
              <value>
                <![CDATA[xyz]]>
              </value>
            </param>
            <param index="2">
              <value>
                <![CDATA[Invalid credentials]]>
              </value>
            </param>
          </params>
          <reporter-output>
          </reporter-output>
        </test-method> <!-- invalidCredentials -->
        <test-method status="PASS" signature="closeBrowser()[pri:0, instance:testCases.LoginTest@14bf9759]" name="closeBrowser" is-config="true" duration-ms="623" started-at="2022-11-10T21:38:16 EET" finished-at="2022-11-10T21:38:17 EET">
          <reporter-output>
          </reporter-output>
        </test-method> <!-- closeBrowser -->
        <test-method status="PASS" signature="openBrowserAndLaunchApplication()[pri:0, instance:testCases.LoginTest@14bf9759]" name="openBrowserAndLaunchApplication" is-config="true" duration-ms="3977" started-at="2022-11-10T21:38:17 EET" finished-at="2022-11-10T21:38:21 EET">
          <reporter-output>
          </reporter-output>
        </test-method> <!-- openBrowserAndLaunchApplication -->
        <test-method status="PASS" signature="invalidCredentials(java.lang.String, java.lang.String, java.lang.String)[pri:0, instance:testCases.LoginTest@14bf9759]" name="invalidCredentials" duration-ms="302" started-at="2022-11-10T21:38:21 EET" data-provider="Credentials" finished-at="2022-11-10T21:38:21 EET">
          <params>
            <param index="0">
              <value>
                <![CDATA[Admin]]>
              </value>
            </param>
            <param index="1">
              <value>
                <![CDATA[]]>
              </value>
            </param>
            <param index="2">
              <value>
                <![CDATA[Password cannot be empty]]>
              </value>
            </param>
          </params>
          <reporter-output>
          </reporter-output>
        </test-method> <!-- invalidCredentials -->
        <test-method status="PASS" signature="closeBrowser()[pri:0, instance:testCases.LoginTest@14bf9759]" name="closeBrowser" is-config="true" duration-ms="625" started-at="2022-11-10T21:38:21 EET" finished-at="2022-11-10T21:38:22 EET">
          <reporter-output>
          </reporter-output>
        </test-method> <!-- closeBrowser -->
        <test-method status="PASS" signature="openBrowserAndLaunchApplication()[pri:0, instance:testCases.LoginTest@14bf9759]" name="openBrowserAndLaunchApplication" is-config="true" duration-ms="3841" started-at="2022-11-10T21:38:22 EET" finished-at="2022-11-10T21:38:26 EET">
          <reporter-output>
          </reporter-output>
        </test-method> <!-- openBrowserAndLaunchApplication -->
        <test-method status="PASS" signature="invalidCredentials(java.lang.String, java.lang.String, java.lang.String)[pri:0, instance:testCases.LoginTest@14bf9759]" name="invalidCredentials" duration-ms="285" started-at="2022-11-10T21:38:26 EET" data-provider="Credentials" finished-at="2022-11-10T21:38:26 EET">
          <params>
            <param index="0">
              <value>
                <![CDATA[]]>
              </value>
            </param>
            <param index="1">
              <value>
                <![CDATA[hum]]>
              </value>
            </param>
            <param index="2">
              <value>
                <![CDATA[Username cannot be empty]]>
              </value>
            </param>
          </params>
          <reporter-output>
          </reporter-output>
        </test-method> <!-- invalidCredentials -->
        <test-method status="PASS" signature="closeBrowser()[pri:0, instance:testCases.LoginTest@14bf9759]" name="closeBrowser" is-config="true" duration-ms="637" started-at="2022-11-10T21:38:26 EET" finished-at="2022-11-10T21:38:27 EET">
          <reporter-output>
          </reporter-output>
        </test-method> <!-- closeBrowser -->
      </class> <!-- testCases.LoginTest -->
    </test> <!-- LoginTest.java -->
  </suite> <!-- All Test Suite -->
</testng-results>
